{"C:\\Users\\askme\\OneDrive\\Desktop\\Metron-project\\securecoda\\src\\config\\codaClient.js": {"path":"C:\\Users\\askme\\OneDrive\\Desktop\\Metron-project\\securecoda\\src\\config\\codaClient.js","statementMap":{"0":{"start":{"line":1,"column":14},"end":{"line":1,"column":30}},"1":{"start":{"line":2,"column":0},"end":{"line":2,"column":27}},"2":{"start":{"line":4,"column":12},"end":{"line":10,"column":2}},"3":{"start":{"line":13,"column":19},"end":{"line":150,"column":1}},"4":{"start":{"line":16,"column":4},"end":{"line":22,"column":5}},"5":{"start":{"line":17,"column":18},"end":{"line":17,"column":40}},"6":{"start":{"line":18,"column":6},"end":{"line":18,"column":28}},"7":{"start":{"line":20,"column":6},"end":{"line":20,"column":78}},"8":{"start":{"line":21,"column":6},"end":{"line":21,"column":16}},"9":{"start":{"line":27,"column":4},"end":{"line":33,"column":5}},"10":{"start":{"line":28,"column":18},"end":{"line":28,"column":56}},"11":{"start":{"line":29,"column":6},"end":{"line":29,"column":28}},"12":{"start":{"line":31,"column":6},"end":{"line":31,"column":88}},"13":{"start":{"line":32,"column":6},"end":{"line":32,"column":16}},"14":{"start":{"line":38,"column":4},"end":{"line":44,"column":5}},"15":{"start":{"line":39,"column":18},"end":{"line":39,"column":72}},"16":{"start":{"line":40,"column":6},"end":{"line":40,"column":28}},"17":{"start":{"line":42,"column":6},"end":{"line":42,"column":94}},"18":{"start":{"line":43,"column":6},"end":{"line":43,"column":16}},"19":{"start":{"line":49,"column":4},"end":{"line":55,"column":5}},"20":{"start":{"line":50,"column":18},"end":{"line":50,"column":55}},"21":{"start":{"line":51,"column":6},"end":{"line":51,"column":28}},"22":{"start":{"line":53,"column":6},"end":{"line":53,"column":87}},"23":{"start":{"line":54,"column":6},"end":{"line":54,"column":16}},"24":{"start":{"line":60,"column":4},"end":{"line":66,"column":5}},"25":{"start":{"line":61,"column":18},"end":{"line":61,"column":77}},"26":{"start":{"line":62,"column":6},"end":{"line":62,"column":22}},"27":{"start":{"line":64,"column":6},"end":{"line":64,"column":93}},"28":{"start":{"line":65,"column":6},"end":{"line":65,"column":16}},"29":{"start":{"line":71,"column":4},"end":{"line":77,"column":5}},"30":{"start":{"line":72,"column":18},"end":{"line":72,"column":65}},"31":{"start":{"line":73,"column":6},"end":{"line":73,"column":28}},"32":{"start":{"line":75,"column":6},"end":{"line":75,"column":93}},"33":{"start":{"line":76,"column":6},"end":{"line":76,"column":16}},"34":{"start":{"line":82,"column":4},"end":{"line":104,"column":5}},"35":{"start":{"line":84,"column":18},"end":{"line":84,"column":65}},"36":{"start":{"line":85,"column":26},"end":{"line":85,"column":46}},"37":{"start":{"line":88,"column":25},"end":{"line":90,"column":7}},"38":{"start":{"line":89,"column":15},"end":{"line":89,"column":38}},"39":{"start":{"line":92,"column":6},"end":{"line":94,"column":7}},"40":{"start":{"line":93,"column":8},"end":{"line":93,"column":86}},"41":{"start":{"line":97,"column":6},"end":{"line":97,"column":74}},"42":{"start":{"line":99,"column":6},"end":{"line":99,"column":78}},"43":{"start":{"line":102,"column":6},"end":{"line":102,"column":95}},"44":{"start":{"line":103,"column":6},"end":{"line":103,"column":32}},"45":{"start":{"line":110,"column":4},"end":{"line":116,"column":5}},"46":{"start":{"line":111,"column":6},"end":{"line":111,"column":41}},"47":{"start":{"line":112,"column":6},"end":{"line":112,"column":60}},"48":{"start":{"line":114,"column":6},"end":{"line":114,"column":86}},"49":{"start":{"line":115,"column":6},"end":{"line":115,"column":32}},"50":{"start":{"line":120,"column":2},"end":{"line":130,"column":3}},"51":{"start":{"line":121,"column":16},"end":{"line":123,"column":6}},"52":{"start":{"line":125,"column":4},"end":{"line":125,"column":20}},"53":{"start":{"line":128,"column":4},"end":{"line":128,"column":93}},"54":{"start":{"line":129,"column":4},"end":{"line":129,"column":25}},"55":{"start":{"line":134,"column":17},"end":{"line":134,"column":19}},"56":{"start":{"line":135,"column":18},"end":{"line":135,"column":22}},"57":{"start":{"line":137,"column":2},"end":{"line":144,"column":3}},"58":{"start":{"line":138,"column":16},"end":{"line":138,"column":67}},"59":{"start":{"line":140,"column":4},"end":{"line":140,"column":42}},"60":{"start":{"line":142,"column":4},"end":{"line":142,"column":34}},"61":{"start":{"line":142,"column":28},"end":{"line":142,"column":34}},"62":{"start":{"line":143,"column":4},"end":{"line":143,"column":34}},"63":{"start":{"line":146,"column":2},"end":{"line":146,"column":18}},"64":{"start":{"line":152,"column":0},"end":{"line":152,"column":28}}},"fnMap":{"0":{"name":"(anonymous_0)","decl":{"start":{"line":15,"column":2},"end":{"line":15,"column":3}},"loc":{"start":{"line":15,"column":24},"end":{"line":23,"column":3}},"line":15},"1":{"name":"(anonymous_1)","decl":{"start":{"line":26,"column":2},"end":{"line":26,"column":3}},"loc":{"start":{"line":26,"column":26},"end":{"line":34,"column":3}},"line":26},"2":{"name":"(anonymous_2)","decl":{"start":{"line":37,"column":2},"end":{"line":37,"column":3}},"loc":{"start":{"line":37,"column":33},"end":{"line":45,"column":3}},"line":37},"3":{"name":"(anonymous_3)","decl":{"start":{"line":48,"column":2},"end":{"line":48,"column":3}},"loc":{"start":{"line":48,"column":25},"end":{"line":56,"column":3}},"line":48},"4":{"name":"(anonymous_4)","decl":{"start":{"line":59,"column":2},"end":{"line":59,"column":3}},"loc":{"start":{"line":59,"column":34},"end":{"line":67,"column":3}},"line":59},"5":{"name":"(anonymous_5)","decl":{"start":{"line":70,"column":2},"end":{"line":70,"column":3}},"loc":{"start":{"line":70,"column":31},"end":{"line":78,"column":3}},"line":70},"6":{"name":"(anonymous_6)","decl":{"start":{"line":81,"column":2},"end":{"line":81,"column":3}},"loc":{"start":{"line":81,"column":34},"end":{"line":105,"column":3}},"line":81},"7":{"name":"(anonymous_7)","decl":{"start":{"line":89,"column":8},"end":{"line":89,"column":9}},"loc":{"start":{"line":89,"column":15},"end":{"line":89,"column":38}},"line":89},"8":{"name":"(anonymous_8)","decl":{"start":{"line":109,"column":2},"end":{"line":109,"column":3}},"loc":{"start":{"line":109,"column":25},"end":{"line":117,"column":3}},"line":109},"9":{"name":"(anonymous_9)","decl":{"start":{"line":119,"column":2},"end":{"line":119,"column":3}},"loc":{"start":{"line":119,"column":56},"end":{"line":131,"column":1}},"line":119},"10":{"name":"(anonymous_10)","decl":{"start":{"line":133,"column":0},"end":{"line":133,"column":1}},"loc":{"start":{"line":133,"column":40},"end":{"line":147,"column":1}},"line":133}},"branchMap":{"0":{"loc":{"start":{"line":20,"column":51},"end":{"line":20,"column":76}},"type":"binary-expr","locations":[{"start":{"line":20,"column":51},"end":{"line":20,"column":69}},{"start":{"line":20,"column":73},"end":{"line":20,"column":76}}],"line":20},"1":{"loc":{"start":{"line":31,"column":61},"end":{"line":31,"column":86}},"type":"binary-expr","locations":[{"start":{"line":31,"column":61},"end":{"line":31,"column":79}},{"start":{"line":31,"column":83},"end":{"line":31,"column":86}}],"line":31},"2":{"loc":{"start":{"line":42,"column":67},"end":{"line":42,"column":92}},"type":"binary-expr","locations":[{"start":{"line":42,"column":67},"end":{"line":42,"column":85}},{"start":{"line":42,"column":89},"end":{"line":42,"column":92}}],"line":42},"3":{"loc":{"start":{"line":53,"column":60},"end":{"line":53,"column":85}},"type":"binary-expr","locations":[{"start":{"line":53,"column":60},"end":{"line":53,"column":78}},{"start":{"line":53,"column":82},"end":{"line":53,"column":85}}],"line":53},"4":{"loc":{"start":{"line":64,"column":66},"end":{"line":64,"column":91}},"type":"binary-expr","locations":[{"start":{"line":64,"column":66},"end":{"line":64,"column":84}},{"start":{"line":64,"column":88},"end":{"line":64,"column":91}}],"line":64},"5":{"loc":{"start":{"line":75,"column":66},"end":{"line":75,"column":91}},"type":"binary-expr","locations":[{"start":{"line":75,"column":66},"end":{"line":75,"column":84}},{"start":{"line":75,"column":88},"end":{"line":75,"column":91}}],"line":75},"6":{"loc":{"start":{"line":85,"column":26},"end":{"line":85,"column":46}},"type":"binary-expr","locations":[{"start":{"line":85,"column":26},"end":{"line":85,"column":40}},{"start":{"line":85,"column":44},"end":{"line":85,"column":46}}],"line":85},"7":{"loc":{"start":{"line":92,"column":6},"end":{"line":94,"column":7}},"type":"if","locations":[{"start":{"line":92,"column":6},"end":{"line":94,"column":7}},{"start":{},"end":{}}],"line":92},"8":{"loc":{"start":{"line":102,"column":68},"end":{"line":102,"column":93}},"type":"binary-expr","locations":[{"start":{"line":102,"column":68},"end":{"line":102,"column":86}},{"start":{"line":102,"column":90},"end":{"line":102,"column":93}}],"line":102},"9":{"loc":{"start":{"line":114,"column":59},"end":{"line":114,"column":84}},"type":"binary-expr","locations":[{"start":{"line":114,"column":59},"end":{"line":114,"column":77}},{"start":{"line":114,"column":81},"end":{"line":114,"column":84}}],"line":114},"10":{"loc":{"start":{"line":119,"column":38},"end":{"line":119,"column":54}},"type":"default-arg","locations":[{"start":{"line":119,"column":50},"end":{"line":119,"column":54}}],"line":119},"11":{"loc":{"start":{"line":122,"column":14},"end":{"line":122,"column":44}},"type":"cond-expr","locations":[{"start":{"line":122,"column":26},"end":{"line":122,"column":39}},{"start":{"line":122,"column":42},"end":{"line":122,"column":44}}],"line":122},"12":{"loc":{"start":{"line":128,"column":66},"end":{"line":128,"column":91}},"type":"binary-expr","locations":[{"start":{"line":128,"column":66},"end":{"line":128,"column":84}},{"start":{"line":128,"column":88},"end":{"line":128,"column":91}}],"line":128},"13":{"loc":{"start":{"line":142,"column":4},"end":{"line":142,"column":34}},"type":"if","locations":[{"start":{"line":142,"column":4},"end":{"line":142,"column":34}},{"start":{},"end":{}}],"line":142}},"s":{"0":2,"1":2,"2":2,"3":2,"4":3,"5":3,"6":3,"7":0,"8":0,"9":6,"10":6,"11":6,"12":0,"13":0,"14":6,"15":6,"16":6,"17":0,"18":0,"19":12,"20":12,"21":12,"22":0,"23":0,"24":6,"25":6,"26":0,"27":6,"28":6,"29":6,"30":6,"31":6,"32":0,"33":0,"34":0,"35":0,"36":0,"37":0,"38":0,"39":0,"40":0,"41":0,"42":0,"43":0,"44":0,"45":5,"46":5,"47":0,"48":5,"49":5,"50":6,"51":6,"52":6,"53":0,"54":0,"55":6,"56":6,"57":6,"58":6,"59":6,"60":6,"61":6,"62":0,"63":6,"64":2},"f":{"0":3,"1":6,"2":6,"3":12,"4":6,"5":6,"6":0,"7":0,"8":5,"9":6,"10":6},"b":{"0":[0,0],"1":[0,0],"2":[0,0],"3":[0,0],"4":[6,0],"5":[0,0],"6":[0,0],"7":[0,0],"8":[0,0],"9":[5,0],"10":[0],"11":[0,6],"12":[0,0],"13":[6,0]},"_coverageSchema":"1a1c01bbd47fc00a2c39e90264f33305004495a9","hash":"fc31bbfa1e1891499faf4acffe92630886b00c9b"}
,"C:\\Users\\askme\\OneDrive\\Desktop\\Metron-project\\securecoda\\src\\routes\\api.js": {"path":"C:\\Users\\askme\\OneDrive\\Desktop\\Metron-project\\securecoda\\src\\routes\\api.js","statementMap":{"0":{"start":{"line":1,"column":16},"end":{"line":1,"column":34}},"1":{"start":{"line":2,"column":19},"end":{"line":2,"column":52}},"2":{"start":{"line":3,"column":39},"end":{"line":3,"column":80}},"3":{"start":{"line":4,"column":17},"end":{"line":4,"column":46}},"4":{"start":{"line":5,"column":19},"end":{"line":5,"column":50}},"5":{"start":{"line":7,"column":15},"end":{"line":7,"column":31}},"6":{"start":{"line":9,"column":0},"end":{"line":12,"column":3}},"7":{"start":{"line":10,"column":4},"end":{"line":10,"column":62}},"8":{"start":{"line":11,"column":2},"end":{"line":11,"column":30}},"9":{"start":{"line":14,"column":0},"end":{"line":22,"column":3}},"10":{"start":{"line":15,"column":2},"end":{"line":21,"column":3}},"11":{"start":{"line":16,"column":17},"end":{"line":16,"column":49}},"12":{"start":{"line":17,"column":4},"end":{"line":17,"column":19}},"13":{"start":{"line":19,"column":4},"end":{"line":19,"column":54}},"14":{"start":{"line":20,"column":4},"end":{"line":20,"column":65}},"15":{"start":{"line":24,"column":0},"end":{"line":35,"column":3}},"16":{"start":{"line":25,"column":2},"end":{"line":34,"column":3}},"17":{"start":{"line":26,"column":16},"end":{"line":26,"column":62}},"18":{"start":{"line":27,"column":4},"end":{"line":29,"column":5}},"19":{"start":{"line":28,"column":6},"end":{"line":28,"column":67}},"20":{"start":{"line":30,"column":4},"end":{"line":30,"column":18}},"21":{"start":{"line":32,"column":4},"end":{"line":32,"column":53}},"22":{"start":{"line":33,"column":4},"end":{"line":33,"column":64}},"23":{"start":{"line":37,"column":0},"end":{"line":40,"column":3}},"24":{"start":{"line":38,"column":2},"end":{"line":38,"column":15}},"25":{"start":{"line":39,"column":2},"end":{"line":39,"column":41}},"26":{"start":{"line":42,"column":0},"end":{"line":45,"column":3}},"27":{"start":{"line":43,"column":17},"end":{"line":43,"column":55}},"28":{"start":{"line":44,"column":2},"end":{"line":44,"column":19}},"29":{"start":{"line":47,"column":0},"end":{"line":47,"column":24}}},"fnMap":{"0":{"name":"(anonymous_0)","decl":{"start":{"line":9,"column":22},"end":{"line":9,"column":23}},"loc":{"start":{"line":9,"column":36},"end":{"line":12,"column":1}},"line":9},"1":{"name":"(anonymous_1)","decl":{"start":{"line":14,"column":25},"end":{"line":14,"column":26}},"loc":{"start":{"line":14,"column":45},"end":{"line":22,"column":1}},"line":14},"2":{"name":"(anonymous_2)","decl":{"start":{"line":24,"column":32},"end":{"line":24,"column":33}},"loc":{"start":{"line":24,"column":52},"end":{"line":35,"column":1}},"line":24},"3":{"name":"(anonymous_3)","decl":{"start":{"line":37,"column":23},"end":{"line":37,"column":24}},"loc":{"start":{"line":37,"column":43},"end":{"line":40,"column":1}},"line":37},"4":{"name":"(anonymous_4)","decl":{"start":{"line":42,"column":33},"end":{"line":42,"column":34}},"loc":{"start":{"line":42,"column":53},"end":{"line":45,"column":1}},"line":42}},"branchMap":{"0":{"loc":{"start":{"line":27,"column":4},"end":{"line":29,"column":5}},"type":"if","locations":[{"start":{"line":27,"column":4},"end":{"line":29,"column":5}},{"start":{},"end":{}}],"line":27}},"s":{"0":1,"1":1,"2":1,"3":1,"4":1,"5":1,"6":1,"7":5,"8":5,"9":1,"10":0,"11":0,"12":0,"13":0,"14":0,"15":1,"16":0,"17":0,"18":0,"19":0,"20":0,"21":0,"22":0,"23":1,"24":3,"25":3,"26":1,"27":5,"28":5,"29":1},"f":{"0":5,"1":0,"2":0,"3":3,"4":5},"b":{"0":[0,0]},"_coverageSchema":"1a1c01bbd47fc00a2c39e90264f33305004495a9","hash":"8aea1b373a395b1ea9a36d0373f70db995116e84"}
,"C:\\Users\\askme\\OneDrive\\Desktop\\Metron-project\\securecoda\\src\\services\\alertStore.js": {"path":"C:\\Users\\askme\\OneDrive\\Desktop\\Metron-project\\securecoda\\src\\services\\alertStore.js","statementMap":{"0":{"start":{"line":1,"column":19},"end":{"line":15,"column":1}},"1":{"start":{"line":5,"column":4},"end":{"line":5,"column":32}},"2":{"start":{"line":9,"column":4},"end":{"line":9,"column":23}},"3":{"start":{"line":13,"column":4},"end":{"line":13,"column":21}},"4":{"start":{"line":17,"column":0},"end":{"line":17,"column":28}}},"fnMap":{"0":{"name":"(anonymous_0)","decl":{"start":{"line":4,"column":2},"end":{"line":4,"column":3}},"loc":{"start":{"line":4,"column":14},"end":{"line":6,"column":3}},"line":4},"1":{"name":"(anonymous_1)","decl":{"start":{"line":8,"column":2},"end":{"line":8,"column":3}},"loc":{"start":{"line":8,"column":9},"end":{"line":10,"column":3}},"line":8},"2":{"name":"(anonymous_2)","decl":{"start":{"line":12,"column":2},"end":{"line":12,"column":3}},"loc":{"start":{"line":12,"column":10},"end":{"line":14,"column":3}},"line":12}},"branchMap":{},"s":{"0":2,"1":30,"2":21,"3":24,"4":2},"f":{"0":30,"1":21,"2":24},"b":{},"_coverageSchema":"1a1c01bbd47fc00a2c39e90264f33305004495a9","hash":"fada274fe200cf7760c2012f46da2d272f9c4457"}
,"C:\\Users\\askme\\OneDrive\\Desktop\\Metron-project\\securecoda\\src\\services\\detectionService.js": {"path":"C:\\Users\\askme\\OneDrive\\Desktop\\Metron-project\\securecoda\\src\\services\\detectionService.js","statementMap":{"0":{"start":{"line":1,"column":25},"end":{"line":118,"column":1}},"1":{"start":{"line":3,"column":19},"end":{"line":3,"column":21}},"2":{"start":{"line":4,"column":16},"end":{"line":4,"column":26}},"3":{"start":{"line":6,"column":34},"end":{"line":6,"column":39}},"4":{"start":{"line":8,"column":4},"end":{"line":57,"column":7}},"5":{"start":{"line":9,"column":22},"end":{"line":9,"column":55}},"6":{"start":{"line":10,"column":22},"end":{"line":10,"column":61}},"7":{"start":{"line":13,"column":6},"end":{"line":20,"column":7}},"8":{"start":{"line":14,"column":8},"end":{"line":19,"column":11}},"9":{"start":{"line":23,"column":26},"end":{"line":23,"column":54}},"10":{"start":{"line":25,"column":26},"end":{"line":27,"column":7}},"11":{"start":{"line":26,"column":13},"end":{"line":26,"column":52}},"12":{"start":{"line":29,"column":6},"end":{"line":36,"column":7}},"13":{"start":{"line":30,"column":8},"end":{"line":35,"column":11}},"14":{"start":{"line":39,"column":28},"end":{"line":47,"column":8}},"15":{"start":{"line":40,"column":22},"end":{"line":40,"column":40}},"16":{"start":{"line":41,"column":8},"end":{"line":41,"column":33}},"17":{"start":{"line":41,"column":20},"end":{"line":41,"column":33}},"18":{"start":{"line":43,"column":23},"end":{"line":43,"column":42}},"19":{"start":{"line":44,"column":24},"end":{"line":44,"column":43}},"20":{"start":{"line":46,"column":8},"end":{"line":46,"column":41}},"21":{"start":{"line":49,"column":6},"end":{"line":56,"column":7}},"22":{"start":{"line":50,"column":8},"end":{"line":55,"column":11}},"23":{"start":{"line":59,"column":4},"end":{"line":59,"column":18}},"24":{"start":{"line":63,"column":19},"end":{"line":63,"column":21}},"25":{"start":{"line":64,"column":20},"end":{"line":64,"column":70}},"26":{"start":{"line":66,"column":4},"end":{"line":76,"column":7}},"27":{"start":{"line":67,"column":19},"end":{"line":67,"column":45}},"28":{"start":{"line":68,"column":6},"end":{"line":75,"column":7}},"29":{"start":{"line":69,"column":8},"end":{"line":74,"column":11}},"30":{"start":{"line":78,"column":4},"end":{"line":78,"column":18}},"31":{"start":{"line":82,"column":19},"end":{"line":82,"column":21}},"32":{"start":{"line":83,"column":20},"end":{"line":83,"column":64}},"33":{"start":{"line":85,"column":4},"end":{"line":91,"column":5}},"34":{"start":{"line":86,"column":6},"end":{"line":90,"column":9}},"35":{"start":{"line":93,"column":4},"end":{"line":93,"column":18}},"36":{"start":{"line":97,"column":17},"end":{"line":97,"column":19}},"37":{"start":{"line":99,"column":28},"end":{"line":99,"column":70}},"38":{"start":{"line":101,"column":2},"end":{"line":113,"column":3}},"39":{"start":{"line":102,"column":17},"end":{"line":102,"column":49}},"40":{"start":{"line":104,"column":4},"end":{"line":112,"column":5}},"41":{"start":{"line":105,"column":6},"end":{"line":111,"column":9}},"42":{"start":{"line":115,"column":2},"end":{"line":115,"column":16}},"43":{"start":{"line":120,"column":0},"end":{"line":120,"column":34}}},"fnMap":{"0":{"name":"(anonymous_0)","decl":{"start":{"line":2,"column":2},"end":{"line":2,"column":3}},"loc":{"start":{"line":2,"column":32},"end":{"line":60,"column":3}},"line":2},"1":{"name":"(anonymous_1)","decl":{"start":{"line":8,"column":17},"end":{"line":8,"column":18}},"loc":{"start":{"line":8,"column":24},"end":{"line":57,"column":5}},"line":8},"2":{"name":"(anonymous_2)","decl":{"start":{"line":26,"column":8},"end":{"line":26,"column":9}},"loc":{"start":{"line":26,"column":13},"end":{"line":26,"column":52}},"line":26},"3":{"name":"(anonymous_3)","decl":{"start":{"line":39,"column":45},"end":{"line":39,"column":46}},"loc":{"start":{"line":39,"column":50},"end":{"line":47,"column":7}},"line":39},"4":{"name":"(anonymous_4)","decl":{"start":{"line":62,"column":2},"end":{"line":62,"column":3}},"loc":{"start":{"line":62,"column":28},"end":{"line":79,"column":3}},"line":62},"5":{"name":"(anonymous_5)","decl":{"start":{"line":66,"column":17},"end":{"line":66,"column":18}},"loc":{"start":{"line":66,"column":24},"end":{"line":76,"column":5}},"line":66},"6":{"name":"(anonymous_6)","decl":{"start":{"line":81,"column":2},"end":{"line":81,"column":3}},"loc":{"start":{"line":81,"column":28},"end":{"line":94,"column":3}},"line":81},"7":{"name":"(anonymous_7)","decl":{"start":{"line":96,"column":2},"end":{"line":96,"column":3}},"loc":{"start":{"line":96,"column":68},"end":{"line":116,"column":1}},"line":96}},"branchMap":{"0":{"loc":{"start":{"line":13,"column":6},"end":{"line":20,"column":7}},"type":"if","locations":[{"start":{"line":13,"column":6},"end":{"line":20,"column":7}},{"start":{},"end":{}}],"line":13},"1":{"loc":{"start":{"line":23,"column":26},"end":{"line":23,"column":54}},"type":"binary-expr","locations":[{"start":{"line":23,"column":26},"end":{"line":23,"column":48}},{"start":{"line":23,"column":52},"end":{"line":23,"column":54}}],"line":23},"2":{"loc":{"start":{"line":29,"column":6},"end":{"line":36,"column":7}},"type":"if","locations":[{"start":{"line":29,"column":6},"end":{"line":36,"column":7}},{"start":{},"end":{}}],"line":29},"3":{"loc":{"start":{"line":41,"column":8},"end":{"line":41,"column":33}},"type":"if","locations":[{"start":{"line":41,"column":8},"end":{"line":41,"column":33}},{"start":{},"end":{}}],"line":41},"4":{"loc":{"start":{"line":49,"column":6},"end":{"line":56,"column":7}},"type":"if","locations":[{"start":{"line":49,"column":6},"end":{"line":56,"column":7}},{"start":{},"end":{}}],"line":49},"5":{"loc":{"start":{"line":68,"column":6},"end":{"line":75,"column":7}},"type":"if","locations":[{"start":{"line":68,"column":6},"end":{"line":75,"column":7}},{"start":{},"end":{}}],"line":68},"6":{"loc":{"start":{"line":85,"column":4},"end":{"line":91,"column":5}},"type":"if","locations":[{"start":{"line":85,"column":4},"end":{"line":91,"column":5}},{"start":{},"end":{}}],"line":85},"7":{"loc":{"start":{"line":102,"column":17},"end":{"line":102,"column":49}},"type":"binary-expr","locations":[{"start":{"line":102,"column":17},"end":{"line":102,"column":43}},{"start":{"line":102,"column":47},"end":{"line":102,"column":49}}],"line":102},"8":{"loc":{"start":{"line":104,"column":4},"end":{"line":112,"column":5}},"type":"if","locations":[{"start":{"line":104,"column":4},"end":{"line":112,"column":5}},{"start":{},"end":{}}],"line":104}},"s":{"0":2,"1":13,"2":13,"3":13,"4":13,"5":115,"6":115,"7":115,"8":108,"9":115,"10":115,"11":8,"12":115,"13":1,"14":115,"15":8,"16":8,"17":5,"18":3,"19":3,"20":3,"21":115,"22":2,"23":13,"24":10,"25":10,"26":10,"27":21,"28":21,"29":5,"30":10,"31":10,"32":10,"33":10,"34":1,"35":10,"36":6,"37":6,"38":6,"39":6,"40":6,"41":0,"42":6,"43":2},"f":{"0":13,"1":115,"2":8,"3":8,"4":10,"5":21,"6":10,"7":6},"b":{"0":[108,7],"1":[115,104],"2":[1,114],"3":[5,3],"4":[2,113],"5":[5,16],"6":[1,9],"7":[6,3],"8":[0,6]},"_coverageSchema":"1a1c01bbd47fc00a2c39e90264f33305004495a9","hash":"9ca3acc6600231ce93553f99902f850471777d20"}
,"C:\\Users\\askme\\OneDrive\\Desktop\\Metron-project\\securecoda\\src\\services\\poller.js": {"path":"C:\\Users\\askme\\OneDrive\\Desktop\\Metron-project\\securecoda\\src\\services\\poller.js","statementMap":{"0":{"start":{"line":1,"column":19},"end":{"line":1,"column":50}},"1":{"start":{"line":2,"column":19},"end":{"line":2,"column":42}},"2":{"start":{"line":3,"column":25},"end":{"line":3,"column":54}},"3":{"start":{"line":6,"column":2},"end":{"line":6,"column":47}},"4":{"start":{"line":8,"column":2},"end":{"line":8,"column":21}},"5":{"start":{"line":10,"column":15},"end":{"line":10,"column":47}},"6":{"start":{"line":11,"column":2},"end":{"line":11,"column":34}},"7":{"start":{"line":14,"column":25},"end":{"line":14,"column":27}},"8":{"start":{"line":15,"column":2},"end":{"line":17,"column":3}},"9":{"start":{"line":16,"column":4},"end":{"line":16,"column":70}},"10":{"start":{"line":18,"column":2},"end":{"line":18,"column":50}},"11":{"start":{"line":21,"column":20},"end":{"line":21,"column":66}},"12":{"start":{"line":22,"column":2},"end":{"line":22,"column":28}},"13":{"start":{"line":25,"column":2},"end":{"line":33,"column":3}},"14":{"start":{"line":26,"column":19},"end":{"line":26,"column":54}},"15":{"start":{"line":28,"column":4},"end":{"line":32,"column":5}},"16":{"start":{"line":29,"column":19},"end":{"line":29,"column":62}},"17":{"start":{"line":30,"column":24},"end":{"line":30,"column":66}},"18":{"start":{"line":31,"column":6},"end":{"line":31,"column":32}},"19":{"start":{"line":36,"column":2},"end":{"line":44,"column":3}},"20":{"start":{"line":37,"column":18},"end":{"line":37,"column":52}},"21":{"start":{"line":39,"column":4},"end":{"line":43,"column":5}},"22":{"start":{"line":40,"column":19},"end":{"line":40,"column":63}},"23":{"start":{"line":41,"column":25},"end":{"line":41,"column":67}},"24":{"start":{"line":42,"column":6},"end":{"line":42,"column":33}},"25":{"start":{"line":47,"column":0},"end":{"line":62,"column":1}},"26":{"start":{"line":48,"column":16},"end":{"line":48,"column":50}},"27":{"start":{"line":50,"column":2},"end":{"line":61,"column":3}},"28":{"start":{"line":51,"column":25},"end":{"line":51,"column":77}},"29":{"start":{"line":53,"column":23},"end":{"line":58,"column":5}},"30":{"start":{"line":60,"column":4},"end":{"line":60,"column":31}},"31":{"start":{"line":64,"column":2},"end":{"line":64,"column":72}},"32":{"start":{"line":67,"column":0},"end":{"line":67,"column":26}}},"fnMap":{"0":{"name":"poll","decl":{"start":{"line":5,"column":15},"end":{"line":5,"column":19}},"loc":{"start":{"line":5,"column":22},"end":{"line":65,"column":1}},"line":5}},"branchMap":{},"s":{"0":1,"1":1,"2":1,"3":3,"4":3,"5":3,"6":3,"7":3,"8":3,"9":6,"10":3,"11":3,"12":3,"13":3,"14":6,"15":6,"16":6,"17":6,"18":6,"19":3,"20":6,"21":6,"22":6,"23":6,"24":6,"25":3,"26":6,"27":6,"28":6,"29":6,"30":6,"31":3,"32":1},"f":{"0":3},"b":{},"_coverageSchema":"1a1c01bbd47fc00a2c39e90264f33305004495a9","hash":"7d5dc78716cdc6d8cec10524be4459e7087d667b"}
,"C:\\Users\\askme\\OneDrive\\Desktop\\Metron-project\\securecoda\\src\\services\\remediationService.js": {"path":"C:\\Users\\askme\\OneDrive\\Desktop\\Metron-project\\securecoda\\src\\services\\remediationService.js","statementMap":{"0":{"start":{"line":1,"column":19},"end":{"line":1,"column":50}},"1":{"start":{"line":4,"column":2},"end":{"line":4,"column":45}},"2":{"start":{"line":5,"column":2},"end":{"line":5,"column":47}},"3":{"start":{"line":9,"column":2},"end":{"line":9,"column":36}},"4":{"start":{"line":10,"column":2},"end":{"line":10,"column":41}},"5":{"start":{"line":13,"column":0},"end":{"line":13,"column":48}}},"fnMap":{"0":{"name":"fixSharing","decl":{"start":{"line":3,"column":15},"end":{"line":3,"column":25}},"loc":{"start":{"line":3,"column":33},"end":{"line":6,"column":1}},"line":3},"1":{"name":"deleteDocument","decl":{"start":{"line":8,"column":15},"end":{"line":8,"column":29}},"loc":{"start":{"line":8,"column":37},"end":{"line":11,"column":1}},"line":8}},"branchMap":{},"s":{"0":2,"1":9,"2":8,"3":17,"4":14,"5":2},"f":{"0":9,"1":17},"b":{},"_coverageSchema":"1a1c01bbd47fc00a2c39e90264f33305004495a9","hash":"a9eeceb6c2d0f0e3c4dfb5740b3e4640d64074c7"}
,"C:\\Users\\askme\\OneDrive\\Desktop\\Metron-project\\securecoda\\src\\utils\\logger.js": {"path":"C:\\Users\\askme\\OneDrive\\Desktop\\Metron-project\\securecoda\\src\\utils\\logger.js","statementMap":{"0":{"start":{"line":2,"column":0},"end":{"line":6,"column":2}},"1":{"start":{"line":3,"column":21},"end":{"line":3,"column":51}},"2":{"start":{"line":4,"column":21},"end":{"line":4,"column":52}},"3":{"start":{"line":5,"column":22},"end":{"line":5,"column":55}}},"fnMap":{"0":{"name":"(anonymous_0)","decl":{"start":{"line":3,"column":8},"end":{"line":3,"column":9}},"loc":{"start":{"line":3,"column":21},"end":{"line":3,"column":51}},"line":3},"1":{"name":"(anonymous_1)","decl":{"start":{"line":4,"column":8},"end":{"line":4,"column":9}},"loc":{"start":{"line":4,"column":21},"end":{"line":4,"column":52}},"line":4},"2":{"name":"(anonymous_2)","decl":{"start":{"line":5,"column":9},"end":{"line":5,"column":10}},"loc":{"start":{"line":5,"column":22},"end":{"line":5,"column":55}},"line":5}},"branchMap":{},"s":{"0":1,"1":2,"2":1,"3":2},"f":{"0":2,"1":1,"2":2},"b":{},"_coverageSchema":"1a1c01bbd47fc00a2c39e90264f33305004495a9","hash":"756efa5bb08c25f4a180588dfd7b30cc17aad9cb"}
}
