TN:
SF:src\config\codaClient.js
FN:15,(anonymous_0)
FN:26,(anonymous_1)
FN:37,(anonymous_2)
FN:48,(anonymous_3)
FN:59,(anonymous_4)
FN:70,(anonymous_5)
FN:81,(anonymous_6)
FN:89,(anonymous_7)
FN:109,(anonymous_8)
FN:119,(anonymous_9)
FN:133,(anonymous_10)
FNF:11
FNH:9
FNDA:3,(anonymous_0)
FNDA:6,(anonymous_1)
FNDA:6,(anonymous_2)
FNDA:12,(anonymous_3)
FNDA:6,(anonymous_4)
FNDA:6,(anonymous_5)
FNDA:0,(anonymous_6)
FNDA:0,(anonymous_7)
FNDA:5,(anonymous_8)
FNDA:6,(anonymous_9)
FNDA:6,(anonymous_10)
DA:1,2
DA:2,2
DA:4,2
DA:13,2
DA:16,3
DA:17,3
DA:18,3
DA:20,0
DA:21,0
DA:27,6
DA:28,6
DA:29,6
DA:31,0
DA:32,0
DA:38,6
DA:39,6
DA:40,6
DA:42,0
DA:43,0
DA:49,12
DA:50,12
DA:51,12
DA:53,0
DA:54,0
DA:60,6
DA:61,6
DA:62,0
DA:64,6
DA:65,6
DA:71,6
DA:72,6
DA:73,6
DA:75,0
DA:76,0
DA:82,0
DA:84,0
DA:85,0
DA:88,0
DA:89,0
DA:92,0
DA:93,0
DA:97,0
DA:99,0
DA:102,0
DA:103,0
DA:110,5
DA:111,5
DA:112,0
DA:114,5
DA:115,5
DA:120,6
DA:121,6
DA:125,6
DA:128,0
DA:129,0
DA:134,6
DA:135,6
DA:137,6
DA:138,6
DA:140,6
DA:142,6
DA:143,0
DA:146,6
DA:152,2
LF:64
LH:38
BRDA:20,0,0,0
BRDA:20,0,1,0
BRDA:31,1,0,0
BRDA:31,1,1,0
BRDA:42,2,0,0
BRDA:42,2,1,0
BRDA:53,3,0,0
BRDA:53,3,1,0
BRDA:64,4,0,6
BRDA:64,4,1,0
BRDA:75,5,0,0
BRDA:75,5,1,0
BRDA:85,6,0,0
BRDA:85,6,1,0
BRDA:92,7,0,0
BRDA:92,7,1,0
BRDA:102,8,0,0
BRDA:102,8,1,0
BRDA:114,9,0,5
BRDA:114,9,1,0
BRDA:119,10,0,0
BRDA:122,11,0,0
BRDA:122,11,1,6
BRDA:128,12,0,0
BRDA:128,12,1,0
BRDA:142,13,0,6
BRDA:142,13,1,0
BRF:27
BRH:4
end_of_record
TN:
SF:src\routes\api.js
FN:9,(anonymous_0)
FN:14,(anonymous_1)
FN:24,(anonymous_2)
FN:37,(anonymous_3)
FN:42,(anonymous_4)
FNF:5
FNH:3
FNDA:5,(anonymous_0)
FNDA:0,(anonymous_1)
FNDA:0,(anonymous_2)
FNDA:3,(anonymous_3)
FNDA:5,(anonymous_4)
DA:1,1
DA:2,1
DA:3,1
DA:4,1
DA:5,1
DA:7,1
DA:9,1
DA:10,5
DA:11,5
DA:14,1
DA:15,0
DA:16,0
DA:17,0
DA:19,0
DA:20,0
DA:24,1
DA:25,0
DA:26,0
DA:27,0
DA:28,0
DA:30,0
DA:32,0
DA:33,0
DA:37,1
DA:38,3
DA:39,3
DA:42,1
DA:43,5
DA:44,5
DA:47,1
LF:30
LH:18
BRDA:27,0,0,0
BRDA:27,0,1,0
BRF:2
BRH:0
end_of_record
TN:
SF:src\services\alertStore.js
FN:4,(anonymous_0)
FN:8,(anonymous_1)
FN:12,(anonymous_2)
FNF:3
FNH:3
FNDA:30,(anonymous_0)
FNDA:21,(anonymous_1)
FNDA:24,(anonymous_2)
DA:1,2
DA:5,30
DA:9,21
DA:13,24
DA:17,2
LF:5
LH:5
BRF:0
BRH:0
end_of_record
TN:
SF:src\services\detectionService.js
FN:2,(anonymous_0)
FN:8,(anonymous_1)
FN:26,(anonymous_2)
FN:39,(anonymous_3)
FN:62,(anonymous_4)
FN:66,(anonymous_5)
FN:81,(anonymous_6)
FN:96,(anonymous_7)
FNF:8
FNH:8
FNDA:13,(anonymous_0)
FNDA:115,(anonymous_1)
FNDA:8,(anonymous_2)
FNDA:8,(anonymous_3)
FNDA:10,(anonymous_4)
FNDA:21,(anonymous_5)
FNDA:10,(anonymous_6)
FNDA:6,(anonymous_7)
DA:1,2
DA:3,13
DA:4,13
DA:6,13
DA:8,13
DA:9,115
DA:10,115
DA:13,115
DA:14,108
DA:23,115
DA:25,115
DA:26,8
DA:29,115
DA:30,1
DA:39,115
DA:40,8
DA:41,8
DA:43,3
DA:44,3
DA:46,3
DA:49,115
DA:50,2
DA:59,13
DA:63,10
DA:64,10
DA:66,10
DA:67,21
DA:68,21
DA:69,5
DA:78,10
DA:82,10
DA:83,10
DA:85,10
DA:86,1
DA:93,10
DA:97,6
DA:99,6
DA:101,6
DA:102,6
DA:104,6
DA:105,0
DA:115,6
DA:120,2
LF:43
LH:42
BRDA:13,0,0,108
BRDA:13,0,1,7
BRDA:23,1,0,115
BRDA:23,1,1,104
BRDA:29,2,0,1
BRDA:29,2,1,114
BRDA:41,3,0,5
BRDA:41,3,1,3
BRDA:49,4,0,2
BRDA:49,4,1,113
BRDA:68,5,0,5
BRDA:68,5,1,16
BRDA:85,6,0,1
BRDA:85,6,1,9
BRDA:102,7,0,6
BRDA:102,7,1,3
BRDA:104,8,0,0
BRDA:104,8,1,6
BRF:18
BRH:17
end_of_record
TN:
SF:src\services\poller.js
FN:5,poll
FNF:1
FNH:1
FNDA:3,poll
DA:1,1
DA:2,1
DA:3,1
DA:6,3
DA:8,3
DA:10,3
DA:11,3
DA:14,3
DA:15,3
DA:16,6
DA:18,3
DA:21,3
DA:22,3
DA:25,3
DA:26,6
DA:28,6
DA:29,6
DA:30,6
DA:31,6
DA:36,3
DA:37,6
DA:39,6
DA:40,6
DA:41,6
DA:42,6
DA:47,3
DA:48,6
DA:50,6
DA:51,6
DA:53,6
DA:60,6
DA:64,3
DA:67,1
LF:33
LH:33
BRF:0
BRH:0
end_of_record
TN:
SF:src\services\remediationService.js
FN:3,fixSharing
FN:8,deleteDocument
FNF:2
FNH:2
FNDA:9,fixSharing
FNDA:17,deleteDocument
DA:1,2
DA:4,9
DA:5,8
DA:9,17
DA:10,14
DA:13,2
LF:6
LH:6
BRF:0
BRH:0
end_of_record
TN:
SF:src\utils\logger.js
FN:3,(anonymous_0)
FN:4,(anonymous_1)
FN:5,(anonymous_2)
FNF:3
FNH:3
FNDA:2,(anonymous_0)
FNDA:1,(anonymous_1)
FNDA:2,(anonymous_2)
DA:2,1
DA:3,2
DA:4,1
DA:5,2
LF:4
LH:4
BRF:0
BRH:0
end_of_record
